<?xml version="1.0" encoding="UTF-8"?>
<!-- Generated by org.testng.reporters.JUnitReportReporter -->
<testsuite hostname="DESKTOP-4IOPE15" failures="0" tests="1" name="POM_DDF_TestNG.PBLoginTest1" time="18.732" errors="0" timestamp="2023-06-19T23:02:45 IST" skipped="0">
  <testcase classname="POM_DDF_TestNG.PBLoginTest1" name="verifyFullName" time="18.732"/>
  <system-out/>
</testsuite> <!-- POM_DDF_TestNG.PBLoginTest1 -->
