<?xml version="1.0" encoding="UTF-8"?>
<!-- Generated by org.testng.reporters.JUnitReportReporter -->
<testsuite hostname="DESKTOP-4IOPE15" failures="0" tests="5" name="mock.Invocation" time="0.029" errors="0" timestamp="2023-06-14T15:00:27 IST" skipped="0">
  <testcase classname="mock.Invocation" name="TC1" time="0.003"/>
  <system-out>
    <![CDATA[running Tc1]]>
  </system-out>
  <testcase classname="mock.Invocation" name="TC1" time="0.003"/>
  <system-out>
    <![CDATA[running Tc1]]>
  </system-out>
  <testcase classname="mock.Invocation" name="TC1" time="0.004"/>
  <system-out>
    <![CDATA[running Tc1]]>
  </system-out>
  <testcase classname="mock.Invocation" name="TC1" time="0.015"/>
  <system-out>
    <![CDATA[running Tc1]]>
  </system-out>
  <testcase classname="mock.Invocation" name="TC1" time="0.004"/>
  <system-out>
    <![CDATA[running Tc1]]>
  </system-out>
</testsuite> <!-- mock.Invocation -->
