<?xml version="1.0" encoding="UTF-8"?>
<!-- Generated by org.testng.reporters.JUnitReportReporter -->
<testsuite hostname="DESKTOP-4IOPE15" failures="0" tests="1" name="TestNg.example11_Parallel1" time="11.223" errors="0" timestamp="2023-07-10T14:18:24 IST" skipped="0">
  <testcase classname="TestNg.example11_Parallel1" name="OpenfaceBookApp" time="11.223"/>
  <system-out/>
</testsuite> <!-- TestNg.example11_Parallel1 -->
