<?xml version="1.0" encoding="UTF-8"?>
<!-- Generated by org.testng.reporters.JUnitReportReporter -->
<testsuite hostname="DESKTOP-4IOPE15" failures="0" tests="1" name="POM_DDFAmolTestNg.PBLoginTest1" time="47.034" errors="0" timestamp="2023-06-24T22:29:22 IST" skipped="0">
  <testcase classname="POM_DDFAmolTestNg.PBLoginTest1" name="VerifyMobNo" time="47.034"/>
  <system-out/>
</testsuite> <!-- POM_DDFAmolTestNg.PBLoginTest1 -->
