<?xml version="1.0" encoding="UTF-8"?>
<!-- Generated by org.testng.reporters.JUnitReportReporter -->
<testsuite hostname="DESKTOP-4IOPE15" failures="0" tests="4" name="TestNg.example10_grouping1" time="0.032" errors="0" timestamp="2023-06-28T13:20:31 IST" skipped="0">
  <testcase classname="TestNg.example10_grouping1" name="TC1" time="0.016"/>
  <system-out>
    <![CDATA[--running TC1--]]>
  </system-out>
  <testcase classname="TestNg.example10_grouping1" name="TC3" time="0.016"/>
  <system-out>
    <![CDATA[--running TC3--]]>
  </system-out>
  <testcase classname="TestNg.example10_grouping1" name="TC2" time="0.000"/>
  <system-out>
    <![CDATA[--running TC2--]]>
  </system-out>
  <testcase classname="TestNg.example10_grouping1" name="TC4" time="0.000"/>
  <system-out>
    <![CDATA[--running TC4--]]>
  </system-out>
</testsuite> <!-- TestNg.example10_grouping1 -->
