<?xml version="1.0" encoding="UTF-8"?>
<!-- Generated by org.testng.reporters.JUnitReportReporter -->
<testsuite hostname="DESKTOP-4IOPE15" failures="0" tests="3" name="TestNg.example10_grouping2" time="0.014" errors="0" timestamp="2023-06-18T20:33:41 IST" skipped="0">
  <testcase classname="TestNg.example10_grouping2" name="TC3" time="0.007"/>
  <system-out>
    <![CDATA[--running TC3--]]>
  </system-out>
  <testcase classname="TestNg.example10_grouping2" name="TC1" time="0.004"/>
  <system-out>
    <![CDATA[--running TC1--]]>
  </system-out>
  <testcase classname="TestNg.example10_grouping2" name="TC2" time="0.003"/>
  <system-out>
    <![CDATA[--running TC2--]]>
  </system-out>
</testsuite> <!-- TestNg.example10_grouping2 -->
