<?xml version="1.0" encoding="UTF-8"?>
<!-- Generated by org.testng.reporters.JUnitReportReporter -->
<testsuite hostname="DESKTOP-4IOPE15" failures="0" tests="1" name="POM_DDF_TestNG_BaseClass_UtilityClass.PBLoginTest1" time="49.668" errors="0" timestamp="2023-06-21T23:05:55 IST" skipped="0">
  <testcase classname="POM_DDF_TestNG_BaseClass_UtilityClass.PBLoginTest1" name="verifyFullName" time="49.668"/>
  <system-out/>
</testsuite> <!-- POM_DDF_TestNG_BaseClass_UtilityClass.PBLoginTest1 -->
