<?xml version="1.0" encoding="UTF-8"?>
<!-- Generated by org.testng.reporters.JUnitReportReporter -->
<testsuite hostname="DESKTOP-4IOPE15" failures="0" tests="5" name="TestNg.example5_TestNGKeyword1_invocationCount" time="0.037" errors="0" timestamp="2023-06-13T00:28:09 IST" skipped="0">
  <testcase classname="TestNg.example5_TestNGKeyword1_invocationCount" name="TC1" time="0.004"/>
  <system-out>
    <![CDATA[--Running TC1--]]>
  </system-out>
  <testcase classname="TestNg.example5_TestNGKeyword1_invocationCount" name="TC1" time="0.004"/>
  <system-out>
    <![CDATA[--Running TC1--]]>
  </system-out>
  <testcase classname="TestNg.example5_TestNGKeyword1_invocationCount" name="TC1" time="0.004"/>
  <system-out>
    <![CDATA[--Running TC1--]]>
  </system-out>
  <testcase classname="TestNg.example5_TestNGKeyword1_invocationCount" name="TC1" time="0.022"/>
  <system-out>
    <![CDATA[--Running TC1--]]>
  </system-out>
  <testcase classname="TestNg.example5_TestNGKeyword1_invocationCount" name="TC1" time="0.003"/>
  <system-out>
    <![CDATA[--Running TC1--]]>
  </system-out>
</testsuite> <!-- TestNg.example5_TestNGKeyword1_invocationCount -->
