<?xml version="1.0" encoding="UTF-8"?>
<!-- Generated by org.testng.reporters.JUnitReportReporter -->
<testsuite hostname="DESKTOP-4IOPE15" failures="0" tests="2" name="mock.TestingAnnotation" time="0.019" errors="0" timestamp="2023-06-14T14:57:16 IST" skipped="0">
  <testcase classname="mock.TestingAnnotation" name="Verifyaddress" time="0.008"/>
  <system-out>
    <![CDATA[Verifyaddress]]>
  </system-out>
  <testcase classname="mock.TestingAnnotation" name="VerifyName" time="0.011"/>
  <system-out>
    <![CDATA[VerifyName]]>
  </system-out>
</testsuite> <!-- mock.TestingAnnotation -->
