<?xml version="1.0" encoding="UTF-8"?>
<!-- Generated by org.testng.reporters.JUnitReportReporter -->
<testsuite hostname="DESKTOP-4IOPE15" failures="0" tests="5" name="TestNg.example9" time="0.041" errors="0" timestamp="2023-06-16T17:22:49 IST" skipped="0">
  <testcase classname="TestNg.example9" name="TC3" time="0.009"/>
  <system-out>
    <![CDATA[--running TC3--]]>
  </system-out>
  <testcase classname="TestNg.example9" name="TC4" time="0.003"/>
  <system-out>
    <![CDATA[--running TC4--]]>
  </system-out>
  <testcase classname="TestNg.example9" name="TC5" time="0.003"/>
  <system-out>
    <![CDATA[--running TC5--]]>
  </system-out>
  <testcase classname="TestNg.example9" name="TC1" time="0.021"/>
  <system-out>
    <![CDATA[--running TC1--]]>
  </system-out>
  <testcase classname="TestNg.example9" name="TC2" time="0.005"/>
  <system-out>
    <![CDATA[--running TC2--]]>
  </system-out>
</testsuite> <!-- TestNg.example9 -->
