<?xml version="1.0" encoding="UTF-8"?>
<!-- Generated by org.testng.reporters.JUnitReportReporter -->
<testsuite hostname="DESKTOP-4IOPE15" failures="0" tests="2" name="TestNg.example1" time="0.025" errors="0" timestamp="2023-06-05T23:26:31 IST" skipped="0">
  <testcase classname="TestNg.example1" name="m1" time="0.021"/>
  <system-out>
    <![CDATA[test case pass]]>
  </system-out>
  <testcase classname="TestNg.example1" name="m2" time="0.004"/>
  <system-out>
    <![CDATA[test case pass]]>
  </system-out>
</testsuite> <!-- TestNg.example1 -->
