<?xml version="1.0" encoding="UTF-8"?>
<!-- Generated by org.testng.reporters.JUnitReportReporter -->
<testsuite hostname="DESKTOP-4IOPE15" failures="0" tests="3" name="TestNg.example3_EmailableReports" time="0.110" errors="0" timestamp="2023-06-28T12:26:04 IST" skipped="0">
  <testcase classname="TestNg.example3_EmailableReports" name="TC1" time="0.104"/>
  <system-out>
    <![CDATA[running TC1 test case]]>
  </system-out>
  <testcase classname="TestNg.example3_EmailableReports" name="TC2" time="0.003"/>
  <system-out>
    <![CDATA[running TC2 test case]]>
  </system-out>
  <testcase classname="TestNg.example3_EmailableReports" name="TC3" time="0.003"/>
  <system-out>
    <![CDATA[running TC3 test case]]>
  </system-out>
</testsuite> <!-- TestNg.example3_EmailableReports -->
