<?xml version="1.0" encoding="UTF-8"?>
<!-- Generated by org.testng.reporters.JUnitReportReporter -->
<testsuite hostname="DESKTOP-4IOPE15" failures="0" tests="1" name="TestNg.gf" time="0.017" errors="0" timestamp="2023-06-06T21:56:41 IST" skipped="0">
  <testcase classname="TestNg.gf" name="m1" time="0.017"/>
  <system-out>
    <![CDATA[tesdf]]>
  </system-out>
</testsuite> <!-- TestNg.gf -->
