<?xml version="1.0" encoding="UTF-8"?>
<!-- Generated by org.testng.reporters.JUnitReportReporter -->
<testsuite hostname="DESKTOP-4IOPE15" failures="0" tests="1" name="TestNg.example5_TestNGKeyword4_Timeouts" time="3.031" errors="0" timestamp="2023-06-14T15:05:28 IST" skipped="0">
  <testcase classname="TestNg.example5_TestNGKeyword4_Timeouts" name="TC1" time="3.031"/>
  <system-out>
    <![CDATA[--running TC1]]>
  </system-out>
</testsuite> <!-- TestNg.example5_TestNGKeyword4_Timeouts -->
