<?xml version="1.0" encoding="UTF-8"?>
<!-- Generated by org.testng.reporters.JUnitReportReporter -->
<testsuite hostname="DESKTOP-4IOPE15" failures="0" tests="3" name="TestNg.example5_TestNGKeyword2_EnableFalse" time="0.018" errors="0" timestamp="2023-07-10T13:45:48 IST" skipped="2">
  <testcase classname="TestNg.example5_TestNGKeyword2_EnableFalse" name="TC1" time="0.018"/>
  <system-out>
    <![CDATA[--running Tc1--]]>
  </system-out>
  <testcase classname="TestNg.example5_TestNGKeyword2_EnableFalse" name="TC2">
    <skipped/>
  </testcase> <!-- TC2 -->
  <system-out/>
  <testcase classname="TestNg.example5_TestNGKeyword2_EnableFalse" name="TC3">
    <skipped/>
  </testcase> <!-- TC3 -->
  <system-out/>
</testsuite> <!-- TestNg.example5_TestNGKeyword2_EnableFalse -->
