<?xml version="1.0" encoding="UTF-8"?>
<!-- Generated by org.testng.reporters.JUnitReportReporter -->
<testsuite hostname="DESKTOP-4IOPE15" failures="0" tests="3" name="TestNg.example5_TestNGKeyword3_priority2" time="0.021" errors="0" timestamp="2023-06-11T18:15:45 IST" skipped="0">
  <testcase classname="TestNg.example5_TestNGKeyword3_priority2" name="TC1" time="0.016"/>
  <system-out>
    <![CDATA[--running TC1--]]>
  </system-out>
  <testcase classname="TestNg.example5_TestNGKeyword3_priority2" name="TC3" time="0.003"/>
  <system-out>
    <![CDATA[--running TC3--]]>
  </system-out>
  <testcase classname="TestNg.example5_TestNGKeyword3_priority2" name="TC4" time="0.002"/>
  <system-out>
    <![CDATA[--running TC4--]]>
  </system-out>
</testsuite> <!-- TestNg.example5_TestNGKeyword3_priority2 -->
