<?xml version="1.0" encoding="UTF-8"?>
<!-- Generated by org.testng.reporters.JUnitReportReporter -->
<testsuite hostname="DESKTOP-4IOPE15" failures="0" tests="2" name="TestNg.example8_DisableTCExecutionFromTestSuite" time="0.020" errors="0" timestamp="2023-06-17T19:19:23 IST" skipped="0">
  <testcase classname="TestNg.example8_DisableTCExecutionFromTestSuite" name="TC2" time="0.016"/>
  <system-out>
    <![CDATA[--running TC2--]]>
  </system-out>
  <testcase classname="TestNg.example8_DisableTCExecutionFromTestSuite" name="TC3" time="0.004"/>
  <system-out>
    <![CDATA[--running TC3--]]>
  </system-out>
</testsuite> <!-- TestNg.example8_DisableTCExecutionFromTestSuite -->
