<?xml version="1.0" encoding="UTF-8"?>
<!-- Generated by org.testng.reporters.JUnitReportReporter -->
<testsuite hostname="DESKTOP-4IOPE15" failures="0" tests="3" name="TestNg.example5_TestNGKeyword3_priority1" time="0.021" errors="0" timestamp="2023-06-11T18:14:36 IST" skipped="0">
  <testcase classname="TestNg.example5_TestNGKeyword3_priority1" name="TC2" time="0.002"/>
  <system-out>
    <![CDATA[--running TC2--]]>
  </system-out>
  <testcase classname="TestNg.example5_TestNGKeyword3_priority1" name="TC1" time="0.017"/>
  <system-out>
    <![CDATA[--running TC1--]]>
  </system-out>
  <testcase classname="TestNg.example5_TestNGKeyword3_priority1" name="TC3" time="0.002"/>
  <system-out>
    <![CDATA[--running TC3--]]>
  </system-out>
</testsuite> <!-- TestNg.example5_TestNGKeyword3_priority1 -->
