<?xml version="1.0" encoding="UTF-8"?>
<!-- Generated by org.testng.reporters.JUnitReportReporter -->
<testsuite hostname="DESKTOP-4IOPE15" failures="0" tests="1" name="TestNg.example2_TestNgClass" time="29.689" errors="0" timestamp="2023-06-06T00:58:56 IST" skipped="0">
  <testcase classname="TestNg.example2_TestNgClass" name="m1" time="29.689"/>
  <system-out/>
</testsuite> <!-- TestNg.example2_TestNgClass -->
