<?xml version="1.0" encoding="UTF-8"?>
<!-- Generated by org.testng.reporters.JUnitReportReporter -->
<testsuite hostname="DESKTOP-4IOPE15" failures="0" tests="1" name="DDFPractice.test" time="31.664" errors="0" timestamp="2023-06-20T22:17:28 IST" skipped="0">
  <testcase classname="DDFPractice.test" name="verifyFullname" time="31.664"/>
  <system-out/>
</testsuite> <!-- DDFPractice.test -->
