<?xml version="1.0" encoding="UTF-8"?>
<!-- Generated by org.testng.reporters.JUnitReportReporter -->
<testsuite hostname="DESKTOP-4IOPE15" failures="0" tests="3" name="TestNg.example6_Sample1" time="0.025" errors="0" timestamp="2023-06-14T15:11:05 IST" skipped="0">
  <testcase classname="TestNg.example6_Sample1" name="TC1" time="0.017"/>
  <system-out>
    <![CDATA[--running TC1--]]>
  </system-out>
  <testcase classname="TestNg.example6_Sample1" name="TC2" time="0.003"/>
  <system-out>
    <![CDATA[--running TC2--]]>
  </system-out>
  <testcase classname="TestNg.example6_Sample1" name="TC3" time="0.005"/>
  <system-out>
    <![CDATA[running TC3--]]>
  </system-out>
</testsuite> <!-- TestNg.example6_Sample1 -->
