<?xml version="1.0" encoding="UTF-8"?>
<!-- Generated by org.testng.reporters.JUnitReportReporter -->
<testsuite hostname="DESKTOP-4IOPE15" failures="0" tests="3" name="TestNg.example8_DisableTCExecution1_From_TestClass" time="0.021" errors="0" timestamp="2023-06-17T19:18:50 IST" skipped="1">
  <testcase classname="TestNg.example8_DisableTCExecution1_From_TestClass" name="TC2" time="0.003"/>
  <system-out>
    <![CDATA[--runing Tc2--]]>
  </system-out>
  <testcase classname="TestNg.example8_DisableTCExecution1_From_TestClass" name="TC1" time="0.018"/>
  <system-out>
    <![CDATA[--runing Tc1--]]>
  </system-out>
  <testcase classname="TestNg.example8_DisableTCExecution1_From_TestClass" name="TC3">
    <skipped/>
  </testcase> <!-- TC3 -->
  <system-out/>
</testsuite> <!-- TestNg.example8_DisableTCExecution1_From_TestClass -->
