<?xml version="1.0" encoding="UTF-8"?>
<!-- Generated by org.testng.reporters.JUnitReportReporter -->
<testsuite hostname="DESKTOP-4IOPE15" failures="0" tests="3" name="TestNg.example6_Sample2" time="0.009" errors="0" timestamp="2023-07-10T13:49:21 IST" skipped="0">
  <testcase classname="TestNg.example6_Sample2" name="TC6" time="0.002"/>
  <system-out>
    <![CDATA[--running TC6]]>
  </system-out>
  <testcase classname="TestNg.example6_Sample2" name="TC5" time="0.003"/>
  <system-out>
    <![CDATA[--running TC5]]>
  </system-out>
  <testcase classname="TestNg.example6_Sample2" name="TC4" time="0.004"/>
  <system-out>
    <![CDATA[--running TC4]]>
  </system-out>
</testsuite> <!-- TestNg.example6_Sample2 -->
