<?xml version="1.0" encoding="UTF-8"?>
<!-- Generated by org.testng.reporters.JUnitReportReporter -->
<testsuite hostname="DESKTOP-4IOPE15" failures="0" tests="2" name="TestNg.example5_TestNGKeyword5_dependsOnMethod" time="0.005" errors="0" timestamp="2023-06-13T00:39:29 IST" skipped="0">
  <testcase classname="TestNg.example5_TestNGKeyword5_dependsOnMethod" name="Logout" time="0.003"/>
  <system-out>
    <![CDATA[--running Logout Tc--]]>
  </system-out>
  <testcase classname="TestNg.example5_TestNGKeyword5_dependsOnMethod" name="Login" time="0.002"/>
  <system-out>
    <![CDATA[--running Login TC--]]>
  </system-out>
</testsuite> <!-- TestNg.example5_TestNGKeyword5_dependsOnMethod -->
